# JRE version: Java(TM) SE Runtime Environment (8.0_231-b11) (build 1.8.0_231-b11)
# Java VM: Java HotSpot(TM) 64-Bit Server VM (25.231-b11 mixed mode windows-amd64 compressed oops)
Heap:
 PSYoungGen      total 116736K, used 1856K [0x00000000f5580000, 0x0000000100000000, 0x0000000100000000)
  eden space 58880K, 0% used [0x00000000f5580000,0x00000000f5580000,0x00000000f8f00000)
  from space 57856K, 3% used [0x00000000f8f00000,0x00000000f90d0000,0x00000000fc780000)
  to   space 57856K, 0% used [0x00000000fc780000,0x00000000fc780000,0x0000000100000000)
 ParOldGen       total 349696K, used 285656K [0x00000000e0000000, 0x00000000f5580000, 0x00000000f5580000)
  object space 349696K, 81% used [0x00000000e0000000,0x00000000f16f62e8,0x00000000f5580000)
 Metaspace       used 5633K, capacity 5774K, committed 6016K, reserved 1056768K
  class space    used 561K, capacity 573K, committed 640K, reserved 1048576K
GC Heap History (10 events):
Event: 803.397 GC heap after
Heap after GC invocations=576 (full 269):
 PSYoungGen      total 116736K, used 1664K [0x00000000f5580000, 0x0000000100000000, 0x0000000100000000)
  eden space 58880K, 0% used [0x00000000f5580000,0x00000000f5580000,0x00000000f8f00000)
  from space 57856K, 2% used [0x00000000f8f00000,0x00000000f90a0000,0x00000000fc780000)
  to   space 57856K, 0% used [0x00000000fc780000,0x00000000fc780000,0x0000000100000000)
 ParOldGen       total 349696K, used 284529K [0x00000000e0000000, 0x00000000f5580000, 0x00000000f5580000)
  object space 349696K, 81% used [0x00000000e0000000,0x00000000f15dc5c0,0x00000000f5580000)
 Metaspace       used 5633K, capacity 5774K, committed 6016K, reserved 1056768K
  class space    used 561K, capacity 573K, committed 640K, reserved 1048576K
}
Event: 803.397 GC heap before
{Heap before GC invocations=577 (full 270):
 PSYoungGen      total 116736K, used 1664K [0x00000000f5580000, 0x0000000100000000, 0x0000000100000000)
  eden space 58880K, 0% used [0x00000000f5580000,0x00000000f5580000,0x00000000f8f00000)
  from space 57856K, 2% used [0x00000000f8f00000,0x00000000f90a0000,0x00000000fc780000)
  to   space 57856K, 0% used [0x00000000fc780000,0x00000000fc780000,0x0000000100000000)
 ParOldGen       total 349696K, used 284529K [0x00000000e0000000, 0x00000000f5580000, 0x00000000f5580000)
  object space 349696K, 81% used [0x00000000e0000000,0x00000000f15dc5c0,0x00000000f5580000)
 Metaspace       used 5633K, capacity 5774K, committed 6016K, reserved 1056768K
  class space    used 561K, capacity 573K, committed 640K, reserved 1048576K
Event: 803.830 GC heap after
Heap after GC invocations=577 (full 270):
 PSYoungGen      total 116736K, used 0K [0x00000000f5580000, 0x0000000100000000, 0x0000000100000000)
  eden space 58880K, 0% used [0x00000000f5580000,0x00000000f5580000,0x00000000f8f00000)
  from space 57856K, 0% used [0x00000000f8f00000,0x00000000f8f00000,0x00000000fc780000)
  to   space 57856K, 0% used [0x00000000fc780000,0x00000000fc780000,0x0000000100000000)
 ParOldGen       total 349696K, used 285036K [0x00000000e0000000, 0x00000000f5580000, 0x00000000f5580000)
  object space 349696K, 81% used [0x00000000e0000000,0x00000000f165b280,0x00000000f5580000)
 Metaspace       used 5633K, capacity 5774K, committed 6016K, reserved 1056768K
  class space    used 561K, capacity 573K, committed 640K, reserved 1048576K
}
Event: 804.039 GC heap before
{Heap before GC invocations=578 (full 270):
 PSYoungGen      total 116736K, used 58880K [0x00000000f5580000, 0x0000000100000000, 0x0000000100000000)
  eden space 58880K, 100% used [0x00000000f5580000,0x00000000f8f00000,0x00000000f8f00000)
  from space 57856K, 0% used [0x00000000f8f00000,0x00000000f8f00000,0x00000000fc780000)
  to   space 57856K, 0% used [0x00000000fc780000,0x00000000fc780000,0x0000000100000000)
 ParOldGen       total 349696K, used 285036K [0x00000000e0000000, 0x00000000f5580000, 0x00000000f5580000)
  object space 349696K, 81% used [0x00000000e0000000,0x00000000f165b280,0x00000000f5580000)
 Metaspace       used 5633K, capacity 5774K, committed 6016K, reserved 1056768K
  class space    used 561K, capacity 573K, committed 640K, reserved 1048576K
Event: 804.041 GC heap after
Heap after GC invocations=578 (full 270):
 PSYoungGen      total 116736K, used 1824K [0x00000000f5580000, 0x0000000100000000, 0x0000000100000000)
  eden space 58880K, 0% used [0x00000000f5580000,0x00000000f5580000,0x00000000f8f00000)
  from space 57856K, 3% used [0x00000000fc780000,0x00000000fc948000,0x0000000100000000)
  to   space 57856K, 0% used [0x00000000f8f00000,0x00000000f8f00000,0x00000000fc780000)
 ParOldGen       total 349696K, used 285036K [0x00000000e0000000, 0x00000000f5580000, 0x00000000f5580000)
  object space 349696K, 81% used [0x00000000e0000000,0x00000000f165b280,0x00000000f5580000)
 Metaspace       used 5633K, capacity 5774K, committed 6016K, reserved 1056768K
  class space    used 561K, capacity 573K, committed 640K, reserved 1048576K
}
Event: 804.041 GC heap before
{Heap before GC invocations=579 (full 271):
 PSYoungGen      total 116736K, used 1824K [0x00000000f5580000, 0x0000000100000000, 0x0000000100000000)
  eden space 58880K, 0% used [0x00000000f5580000,0x00000000f5580000,0x00000000f8f00000)
  from space 57856K, 3% used [0x00000000fc780000,0x00000000fc948000,0x0000000100000000)
  to   space 57856K, 0% used [0x00000000f8f00000,0x00000000f8f00000,0x00000000fc780000)
 ParOldGen       total 349696K, used 285036K [0x00000000e0000000, 0x00000000f5580000, 0x00000000f5580000)
  object space 349696K, 81% used [0x00000000e0000000,0x00000000f165b280,0x00000000f5580000)
 Metaspace       used 5633K, capacity 5774K, committed 6016K, reserved 1056768K
  class space    used 561K, capacity 573K, committed 640K, reserved 1048576K
Event: 804.485 GC heap after
Heap after GC invocations=579 (full 271):
 PSYoungGen      total 116736K, used 0K [0x00000000f5580000, 0x0000000100000000, 0x0000000100000000)
  eden space 58880K, 0% used [0x00000000f5580000,0x00000000f5580000,0x00000000f8f00000)
  from space 57856K, 0% used [0x00000000fc780000,0x00000000fc780000,0x0000000100000000)
  to   space 57856K, 0% used [0x00000000f8f00000,0x00000000f8f00000,0x00000000fc780000)
 ParOldGen       total 349696K, used 285656K [0x00000000e0000000, 0x00000000f5580000, 0x00000000f5580000)
  object space 349696K, 81% used [0x00000000e0000000,0x00000000f16f62e8,0x00000000f5580000)
 Metaspace       used 5633K, capacity 5774K, committed 6016K, reserved 1056768K
  class space    used 561K, capacity 573K, committed 640K, reserved 1048576K
}
Event: 804.656 GC heap before
{Heap before GC invocations=580 (full 271):
 PSYoungGen      total 116736K, used 58880K [0x00000000f5580000, 0x0000000100000000, 0x0000000100000000)
  eden space 58880K, 100% used [0x00000000f5580000,0x00000000f8f00000,0x00000000f8f00000)
  from space 57856K, 0% used [0x00000000fc780000,0x00000000fc780000,0x0000000100000000)
  to   space 57856K, 0% used [0x00000000f8f00000,0x00000000f8f00000,0x00000000fc780000)
 ParOldGen       total 349696K, used 285656K [0x00000000e0000000, 0x00000000f5580000, 0x00000000f5580000)
  object space 349696K, 81% used [0x00000000e0000000,0x00000000f16f62e8,0x00000000f5580000)
 Metaspace       used 5633K, capacity 5774K, committed 6016K, reserved 1056768K
  class space    used 561K, capacity 573K, committed 640K, reserved 1048576K
Event: 804.658 GC heap after
Heap after GC invocations=580 (full 271):
 PSYoungGen      total 116736K, used 1856K [0x00000000f5580000, 0x0000000100000000, 0x0000000100000000)
  eden space 58880K, 0% used [0x00000000f5580000,0x00000000f5580000,0x00000000f8f00000)
  from space 57856K, 3% used [0x00000000f8f00000,0x00000000f90d0000,0x00000000fc780000)
  to   space 57856K, 0% used [0x00000000fc780000,0x00000000fc780000,0x0000000100000000)
 ParOldGen       total 349696K, used 285656K [0x00000000e0000000, 0x00000000f5580000, 0x00000000f5580000)
  object space 349696K, 81% used [0x00000000e0000000,0x00000000f16f62e8,0x00000000f5580000)
 Metaspace       used 5633K, capacity 5774K, committed 6016K, reserved 1056768K
  class space    used 561K, capacity 573K, committed 640K, reserved 1048576K
}
Event: 804.658 GC heap before
{Heap before GC invocations=581 (full 272):
 PSYoungGen      total 116736K, used 1856K [0x00000000f5580000, 0x0000000100000000, 0x0000000100000000)
  eden space 58880K, 0% used [0x00000000f5580000,0x00000000f5580000,0x00000000f8f00000)
  from space 57856K, 3% used [0x00000000f8f00000,0x00000000f90d0000,0x00000000fc780000)
  to   space 57856K, 0% used [0x00000000fc780000,0x00000000fc780000,0x0000000100000000)
 ParOldGen       total 349696K, used 285656K [0x00000000e0000000, 0x00000000f5580000, 0x00000000f5580000)
  object space 349696K, 81% used [0x00000000e0000000,0x00000000f16f62e8,0x00000000f5580000)
 Metaspace       used 5633K, capacity 5774K, committed 6016K, reserved 1056768K
  class space    used 561K, capacity 573K, committed 640K, reserved 1048576K

